[INFO ] 2021-07-15 08:09:24.795 [main] Log - Test is starting
[INFO ] 2021-07-15 08:09:24.873 [main] Log - browser is selecting
[INFO ] 2021-07-15 08:09:49.269 [main] Log - Navigating to Url : https://www.udemy.com/
[INFO ] 2021-07-15 08:10:04.358 [main] Log - loginTo_Application_WithValid_Credentials test is starting.
[INFO ] 2021-07-15 08:10:05.724 [main] Log - Click on Login Button in Home Page
[INFO ] 2021-07-15 08:10:10.740 [main] Log - Sending Email data
[INFO ] 2021-07-15 08:10:10.936 [main] Log - Sending Password
[INFO ] 2021-07-15 08:10:11.082 [main] Log - Click on Login to submit details 
[ERROR] 2021-07-15 08:10:31.185 [main] Log - loginTo_Application_WithValid_Credentials Test is failed
[INFO ] 2021-07-15 08:10:55.543 [main] Log - loginTo_Application_WithValid_Credentials test is starting.
[INFO ] 2021-07-15 08:10:55.543 [main] Log - Click on Login Button in Home Page
[ERROR] 2021-07-15 08:11:06.073 [main] Log - loginTo_Application_WithValid_Credentials Test is failed
[INFO ] 2021-07-15 08:11:06.500 [main] Log - loginTo_Application_WithValid_Credentials test is starting.
[INFO ] 2021-07-15 08:11:06.505 [main] Log - Click on Login Button in Home Page
[ERROR] 2021-07-15 08:11:19.098 [main] Log - loginTo_Application_WithValid_Credentials Test is failed
[INFO ] 2021-07-15 08:11:21.046 [main] Log - loginTo_Application_WithValid_Credentials test is starting.
[INFO ] 2021-07-15 08:11:21.046 [main] Log - Click on Login Button in Home Page
[ERROR] 2021-07-15 08:11:31.291 [main] Log - loginTo_Application_WithValid_Credentials Test is failed
[INFO ] 2021-07-15 08:11:31.872 [main] Log - Closing the browser
[INFO ] 2021-07-15 08:11:45.217 [main] Log - I am in onFinish method Test with chrome browser
[INFO ] 2021-07-15 08:16:26.690 [main] Log - Test is starting
[INFO ] 2021-07-15 08:16:26.706 [main] Log - browser is selecting
[INFO ] 2021-07-15 08:16:37.146 [main] Log - Navigating to Url : https://www.udemy.com/
[INFO ] 2021-07-15 08:16:46.881 [main] Log - loginTo_Application_WithValid_Credentials test is starting.
[INFO ] 2021-07-15 08:16:47.921 [main] Log - Click on Login Button in Home Page
[INFO ] 2021-07-15 08:16:55.714 [main] Log - Sending Email data
[INFO ] 2021-07-15 08:16:56.418 [main] Log - Sending Password
[INFO ] 2021-07-15 08:17:53.666 [main] Log - Click on Login to submit details 
[ERROR] 2021-07-15 08:18:00.422 [main] Log - loginTo_Application_WithValid_Credentials Test is failed
[INFO ] 2021-07-15 08:18:08.245 [main] Log - loginTo_Application_WithValid_Credentials test is starting.
[INFO ] 2021-07-15 08:18:08.251 [main] Log - Click on Login Button in Home Page
[ERROR] 2021-07-15 08:18:18.299 [main] Log - loginTo_Application_WithValid_Credentials Test is failed
[INFO ] 2021-07-15 08:18:18.776 [main] Log - loginTo_Application_WithValid_Credentials test is starting.
[INFO ] 2021-07-15 08:18:18.776 [main] Log - Click on Login Button in Home Page
[ERROR] 2021-07-15 08:18:28.961 [main] Log - loginTo_Application_WithValid_Credentials Test is failed
[INFO ] 2021-07-15 08:18:29.454 [main] Log - loginTo_Application_WithValid_Credentials test is starting.
[INFO ] 2021-07-15 08:18:29.460 [main] Log - Click on Login Button in Home Page
[INFO ] 2021-07-15 08:18:38.540 [main] Log - Sending Email data
[ERROR] 2021-07-15 08:18:50.445 [main] Log - loginTo_Application_WithValid_Credentials Test is failed
[INFO ] 2021-07-15 08:18:50.761 [main] Log - Closing the browser
[INFO ] 2021-07-15 08:18:53.733 [main] Log - I am in onFinish method Test with chrome browser
[INFO ] 2021-07-15 08:19:14.374 [main] Log - Test is starting
[INFO ] 2021-07-15 08:19:14.381 [main] Log - browser is selecting
[INFO ] 2021-07-15 08:19:22.229 [main] Log - Navigating to Url : https://www.udemy.com/
[INFO ] 2021-07-15 08:19:36.829 [main] Log - loginTo_Application_WithValid_Credentials test is starting.
[INFO ] 2021-07-15 08:19:37.717 [main] Log - Click on Login Button in Home Page
[INFO ] 2021-07-15 08:19:46.210 [main] Log - Sending Email data
[INFO ] 2021-07-15 08:19:46.539 [main] Log - Sending Password
[INFO ] 2021-07-15 08:19:46.674 [main] Log - Click on Login to submit details 
[ERROR] 2021-07-15 08:20:09.657 [main] Log - loginTo_Application_WithValid_Credentials Test is failed
[INFO ] 2021-07-15 08:20:12.071 [main] Log - loginTo_Application_WithValid_Credentials test is starting.
[INFO ] 2021-07-15 08:20:12.087 [main] Log - Click on Login Button in Home Page
[ERROR] 2021-07-15 08:20:22.171 [main] Log - loginTo_Application_WithValid_Credentials Test is failed
[INFO ] 2021-07-15 08:20:22.453 [main] Log - loginTo_Application_WithValid_Credentials test is starting.
[INFO ] 2021-07-15 08:20:22.453 [main] Log - Click on Login Button in Home Page
[ERROR] 2021-07-15 08:20:32.598 [main] Log - loginTo_Application_WithValid_Credentials Test is failed
[INFO ] 2021-07-15 08:20:32.864 [main] Log - loginTo_Application_WithValid_Credentials test is starting.
[INFO ] 2021-07-15 08:20:32.864 [main] Log - Click on Login Button in Home Page
[ERROR] 2021-07-15 08:20:42.952 [main] Log - loginTo_Application_WithValid_Credentials Test is failed
[INFO ] 2021-07-15 08:20:43.486 [main] Log - Closing the browser
[INFO ] 2021-07-15 08:20:45.343 [main] Log - I am in onFinish method Test with chrome browser
[INFO ] 2021-07-15 08:21:06.018 [main] Log - Test is starting
[INFO ] 2021-07-15 08:21:06.018 [main] Log - browser is selecting
[INFO ] 2021-07-15 08:21:12.271 [main] Log - Navigating to Url : https://www.udemy.com/
[INFO ] 2021-07-15 08:21:20.161 [main] Log - loginTo_Application_WithValid_Credentials test is starting.
[INFO ] 2021-07-15 08:21:20.532 [main] Log - Click on Login Button in Home Page
[INFO ] 2021-07-15 08:21:26.087 [main] Log - Sending Email data
[INFO ] 2021-07-15 08:21:26.288 [main] Log - Sending Password
[INFO ] 2021-07-15 08:21:26.429 [main] Log - Click on Login to submit details 
[INFO ] 2021-07-15 08:21:49.695 [main] Log - Click on Logout
[INFO ] 2021-07-15 08:22:02.445 [main] Log - loginTo_Application_WithValid_Credentials Test is passed
[INFO ] 2021-07-15 08:22:06.586 [main] Log - loginTo_Application_WithValid_Credentials test is starting.
[INFO ] 2021-07-15 08:22:06.602 [main] Log - Click on Login Button in Home Page
[INFO ] 2021-07-15 08:22:08.767 [main] Log - Sending Email data
[INFO ] 2021-07-15 08:22:09.442 [main] Log - Sending Password
[INFO ] 2021-07-15 08:22:09.647 [main] Log - Click on Login to submit details 
[ERROR] 2021-07-15 08:22:37.401 [main] Log - loginTo_Application_WithValid_Credentials Test is failed
[INFO ] 2021-07-15 08:22:38.102 [main] Log - loginTo_Application_WithValid_Credentials test is starting.
[INFO ] 2021-07-15 08:22:38.109 [main] Log - Click on Login Button in Home Page
[ERROR] 2021-07-15 08:22:48.233 [main] Log - loginTo_Application_WithValid_Credentials Test is failed
[INFO ] 2021-07-15 08:22:48.766 [main] Log - loginTo_Application_WithValid_Credentials test is starting.
[INFO ] 2021-07-15 08:22:48.782 [main] Log - Click on Login Button in Home Page
[ERROR] 2021-07-15 08:22:58.819 [main] Log - loginTo_Application_WithValid_Credentials Test is failed
[INFO ] 2021-07-15 08:22:59.120 [main] Log - Closing the browser
[INFO ] 2021-07-15 08:23:01.811 [main] Log - I am in onFinish method Test with chrome browser
[INFO ] 2021-07-15 08:25:56.780 [main] Log - Test is starting
[INFO ] 2021-07-15 08:25:56.780 [main] Log - browser is selecting
[INFO ] 2021-07-15 08:26:03.993 [main] Log - Navigating to Url : https://www.udemy.com/
[INFO ] 2021-07-15 08:26:13.771 [main] Log - loginTo_Application_WithValid_Credentials test is starting.
[INFO ] 2021-07-15 08:26:14.305 [main] Log - Click on Login Button in Home Page
[INFO ] 2021-07-15 08:26:21.030 [main] Log - Sending Email data
[INFO ] 2021-07-15 08:26:21.348 [main] Log - Sending Password
[INFO ] 2021-07-15 08:26:21.529 [main] Log - Click on Login to submit details 
[ERROR] 2021-07-15 08:26:41.792 [main] Log - loginTo_Application_WithValid_Credentials Test is failed
[INFO ] 2021-07-15 08:27:41.363 [main] Log - loginTo_Application_WithValid_Credentials test is starting.
[INFO ] 2021-07-15 08:27:41.379 [main] Log - Click on Login Button in Home Page
[ERROR] 2021-07-15 08:27:52.391 [main] Log - loginTo_Application_WithValid_Credentials Test is failed
[INFO ] 2021-07-15 08:27:52.839 [main] Log - loginTo_Application_WithValid_Credentials test is starting.
[INFO ] 2021-07-15 08:27:52.846 [main] Log - Click on Login Button in Home Page
[ERROR] 2021-07-15 08:28:03.801 [main] Log - loginTo_Application_WithValid_Credentials Test is failed
[INFO ] 2021-07-15 08:28:04.085 [main] Log - loginTo_Application_WithValid_Credentials test is starting.
[INFO ] 2021-07-15 08:28:04.085 [main] Log - Click on Login Button in Home Page
[INFO ] 2021-07-15 08:28:06.331 [main] Log - Sending Email data
[ERROR] 2021-07-15 08:28:08.521 [main] Log - loginTo_Application_WithValid_Credentials Test is failed
[INFO ] 2021-07-15 08:28:08.780 [main] Log - Closing the browser
[INFO ] 2021-07-15 08:28:12.425 [main] Log - I am in onFinish method Test with chrome browser
[INFO ] 2021-07-15 08:28:30.681 [main] Log - Test is starting
[INFO ] 2021-07-15 08:28:30.697 [main] Log - browser is selecting
[INFO ] 2021-07-15 08:28:37.987 [main] Log - Navigating to Url : https://www.udemy.com/
[INFO ] 2021-07-15 08:28:44.088 [main] Log - loginTo_Application_WithValid_Credentials test is starting.
[INFO ] 2021-07-15 08:28:44.644 [main] Log - Click on Login Button in Home Page
[INFO ] 2021-07-15 08:28:51.618 [main] Log - Sending Email data
[INFO ] 2021-07-15 08:28:51.805 [main] Log - Sending Password
[INFO ] 2021-07-15 08:28:51.932 [main] Log - Click on Login to submit details 
[ERROR] 2021-07-15 08:29:12.189 [main] Log - loginTo_Application_WithValid_Credentials Test is failed
[ERROR] 2021-07-15 08:30:17.194 [main] Log - loginTo_Application_WithValid_Credentials Test is failed
[INFO ] 2021-07-15 08:30:45.184 [main] Log - Closing the browser
[INFO ] 2021-07-15 08:30:49.166 [main] Log - I am in onFinish method Test with chrome browser
[INFO ] 2021-07-15 08:38:21.214 [main] Log - Test is starting
[INFO ] 2021-07-15 08:38:21.214 [main] Log - browser is selecting
[INFO ] 2021-07-15 08:38:33.691 [main] Log - Navigating to Url : https://www.udemy.com/
[INFO ] 2021-07-15 08:38:49.138 [main] Log - loginTo_Application_WithValid_Credentials test is starting.
[INFO ] 2021-07-15 08:38:54.578 [main] Log - Click on Login Button in Home Page
[INFO ] 2021-07-15 08:39:00.843 [main] Log - Sending Email data
[INFO ] 2021-07-15 08:39:01.031 [main] Log - Sending Password
[INFO ] 2021-07-15 08:39:01.125 [main] Log - Click on Login to submit details 
[ERROR] 2021-07-15 08:39:21.467 [main] Log - loginTo_Application_WithValid_Credentials Test is failed
[INFO ] 2021-07-15 08:39:48.464 [main] Log - loginTo_Application_WithValid_Credentials test is starting.
[INFO ] 2021-07-15 08:39:48.479 [main] Log - Click on Login Button in Home Page
[ERROR] 2021-07-15 08:39:58.551 [main] Log - loginTo_Application_WithValid_Credentials Test is failed
[INFO ] 2021-07-15 08:39:59.589 [main] Log - loginTo_Application_WithValid_Credentials test is starting.
[INFO ] 2021-07-15 08:39:59.602 [main] Log - Click on Login Button in Home Page
[ERROR] 2021-07-15 08:40:09.663 [main] Log - loginTo_Application_WithValid_Credentials Test is failed
[INFO ] 2021-07-15 08:40:10.245 [main] Log - loginTo_Application_WithValid_Credentials test is starting.
[INFO ] 2021-07-15 08:40:10.245 [main] Log - Click on Login Button in Home Page
[ERROR] 2021-07-15 08:40:20.316 [main] Log - loginTo_Application_WithValid_Credentials Test is failed
[INFO ] 2021-07-15 08:40:20.721 [main] Log - Closing the browser
[INFO ] 2021-07-15 08:40:25.117 [main] Log - I am in onFinish method Test with chrome browser
[INFO ] 2021-07-15 08:49:22.194 [main] Log - Test is starting
[INFO ] 2021-07-15 08:49:22.273 [main] Log - browser is selecting
[INFO ] 2021-07-15 08:49:32.966 [main] Log - Navigating to Url : https://www.udemy.com/
[INFO ] 2021-07-15 08:49:46.949 [main] Log - loginTo_Application_WithValid_Credentials test is starting.
[INFO ] 2021-07-15 08:49:47.661 [main] Log - Click on Login Button in Home Page
[INFO ] 2021-07-15 08:49:56.075 [main] Log - Sending Email data
[INFO ] 2021-07-15 08:50:13.616 [main] Log - Sending Password
[INFO ] 2021-07-15 08:50:13.744 [main] Log - Click on Login to submit details 
[ERROR] 2021-07-15 08:50:19.104 [main] Log - loginTo_Application_WithValid_Credentials Test is failed
[INFO ] 2021-07-15 08:50:20.823 [main] Log - loginTo_Application_WithValid_Credentials test is starting.
[INFO ] 2021-07-15 08:50:20.823 [main] Log - Click on Login Button in Home Page
[ERROR] 2021-07-15 08:50:43.335 [main] Log - loginTo_Application_WithValid_Credentials Test is failed
[INFO ] 2021-07-15 08:50:43.800 [main] Log - loginTo_Application_WithValid_Credentials test is starting.
[INFO ] 2021-07-15 08:50:43.800 [main] Log - Click on Login Button in Home Page
[ERROR] 2021-07-15 08:50:53.875 [main] Log - loginTo_Application_WithValid_Credentials Test is failed
[INFO ] 2021-07-15 08:50:54.315 [main] Log - loginTo_Application_WithValid_Credentials test is starting.
[INFO ] 2021-07-15 08:50:54.315 [main] Log - Click on Login Button in Home Page
[ERROR] 2021-07-15 08:51:04.379 [main] Log - loginTo_Application_WithValid_Credentials Test is failed
[INFO ] 2021-07-15 08:51:04.778 [main] Log - Closing the browser
[INFO ] 2021-07-15 08:51:07.086 [main] Log - I am in onFinish method Test with chrome browser
[INFO ] 2021-07-15 08:52:17.316 [main] Log - Test is starting
[INFO ] 2021-07-15 08:52:17.316 [main] Log - browser is selecting
[INFO ] 2021-07-15 08:52:26.599 [main] Log - Navigating to Url : https://www.udemy.com/
[INFO ] 2021-07-15 08:52:34.175 [main] Log - loginTo_Application_WithValid_Credentials test is starting.
[INFO ] 2021-07-15 08:52:34.960 [main] Log - Click on Login Button in Home Page
[INFO ] 2021-07-15 08:52:41.717 [main] Log - Sending Email data
[INFO ] 2021-07-15 08:52:41.905 [main] Log - Sending Password
[INFO ] 2021-07-15 08:52:42.024 [main] Log - Click on Login to submit details 
[ERROR] 2021-07-15 08:53:10.927 [main] Log - loginTo_Application_WithValid_Credentials Test is failed
[INFO ] 2021-07-15 08:53:25.922 [main] Log - loginTo_Application_WithValid_Credentials test is starting.
[INFO ] 2021-07-15 08:53:25.922 [main] Log - Click on Login Button in Home Page
[ERROR] 2021-07-15 08:53:31.009 [main] Log - loginTo_Application_WithValid_Credentials Test is failed
[INFO ] 2021-07-15 08:53:31.272 [main] Log - loginTo_Application_WithValid_Credentials test is starting.
[INFO ] 2021-07-15 08:53:31.280 [main] Log - Click on Login Button in Home Page
[ERROR] 2021-07-15 08:53:36.371 [main] Log - loginTo_Application_WithValid_Credentials Test is failed
[INFO ] 2021-07-15 08:53:36.910 [main] Log - loginTo_Application_WithValid_Credentials test is starting.
[INFO ] 2021-07-15 08:53:36.915 [main] Log - Click on Login Button in Home Page
[ERROR] 2021-07-15 08:53:42.012 [main] Log - loginTo_Application_WithValid_Credentials Test is failed
[INFO ] 2021-07-15 08:53:42.305 [main] Log - Closing the browser
[INFO ] 2021-07-15 08:53:44.739 [main] Log - I am in onFinish method Test with chrome browser
